Mon Jul 18 17:24:40 PDT 2005
   ./configure  
Mon Jul 18 17:40:22 PDT 2005
   ./configure  
Fri Jul 29 21:41:00 PDT 2005
   ./configure  
Fri Aug  5 01:14:31 PDT 2005
   ./configure  
Fri Aug  5 01:51:20 PDT 2005
   ./configure  
Fri Aug  5 01:53:29 PDT 2005
   ./configure  
Mon Aug  8 17:47:43 PDT 2005
   ./configure  
Mon Aug  8 17:49:35 PDT 2005
   ./configure  
Mon Aug  8 19:10:33 PDT 2005
   ./configure  
Mon Aug  8 22:36:27 PDT 2005
   ./configure  
Tue Aug 16 20:57:27 PDT 2005
   ./configure  
Tue Aug 16 21:02:54 PDT 2005
   ./configure  
Sat Aug 27 20:22:59 PDT 2005
   ./configure  
